<?xml version="1.0" encoding="UTF-8"?>
<coverage generated="1634916113408" clover="3.2.0">
  <project timestamp="1634916113408" name="All files">
    <metrics statements="92" coveredstatements="92" conditionals="10" coveredconditionals="10" methods="25" coveredmethods="25" elements="127" coveredelements="127" complexity="0" loc="92" ncloc="92" packages="1" files="1" classes="1"/>
    <file name="funcionalidad.js" path="C:\unit_test\calculadora_orig_con_test\calculadora_orig\funcionalidad.js">
      <metrics statements="92" coveredstatements="92" conditionals="10" coveredconditionals="10" methods="25" coveredmethods="25"/>
      <line num="6" count="2" type="stmt"/>
      <line num="7" count="14" type="cond" truecount="2" falsecount="0"/>
      <line num="8" count="5" type="stmt"/>
      <line num="10" count="14" type="cond" truecount="2" falsecount="0"/>
      <line num="11" count="5" type="stmt"/>
      <line num="13" count="14" type="cond" truecount="2" falsecount="0"/>
      <line num="14" count="5" type="stmt"/>
      <line num="16" count="14" type="stmt"/>
      <line num="17" count="14" type="stmt"/>
      <line num="22" count="30" type="stmt"/>
      <line num="23" count="30" type="stmt"/>
      <line num="24" count="30" type="stmt"/>
      <line num="25" count="30" type="stmt"/>
      <line num="26" count="30" type="stmt"/>
      <line num="27" count="30" type="stmt"/>
      <line num="28" count="30" type="stmt"/>
      <line num="29" count="30" type="stmt"/>
      <line num="30" count="30" type="stmt"/>
      <line num="31" count="30" type="stmt"/>
      <line num="32" count="30" type="stmt"/>
      <line num="33" count="30" type="stmt"/>
      <line num="34" count="30" type="stmt"/>
      <line num="35" count="30" type="stmt"/>
      <line num="36" count="30" type="stmt"/>
      <line num="37" count="30" type="stmt"/>
      <line num="38" count="30" type="stmt"/>
      <line num="41" count="30" type="stmt"/>
      <line num="42" count="2" type="stmt"/>
      <line num="44" count="30" type="stmt"/>
      <line num="45" count="3" type="stmt"/>
      <line num="47" count="30" type="stmt"/>
      <line num="48" count="5" type="stmt"/>
      <line num="50" count="30" type="stmt"/>
      <line num="51" count="2" type="stmt"/>
      <line num="53" count="30" type="stmt"/>
      <line num="54" count="2" type="stmt"/>
      <line num="56" count="30" type="stmt"/>
      <line num="57" count="2" type="stmt"/>
      <line num="59" count="30" type="stmt"/>
      <line num="60" count="3" type="stmt"/>
      <line num="62" count="30" type="stmt"/>
      <line num="63" count="3" type="stmt"/>
      <line num="65" count="30" type="stmt"/>
      <line num="66" count="4" type="stmt"/>
      <line num="68" count="30" type="stmt"/>
      <line num="69" count="2" type="stmt"/>
      <line num="71" count="30" type="stmt"/>
      <line num="72" count="1" type="stmt"/>
      <line num="74" count="30" type="stmt"/>
      <line num="75" count="2" type="stmt"/>
      <line num="76" count="2" type="stmt"/>
      <line num="77" count="2" type="stmt"/>
      <line num="79" count="30" type="stmt"/>
      <line num="80" count="2" type="stmt"/>
      <line num="81" count="2" type="stmt"/>
      <line num="82" count="2" type="stmt"/>
      <line num="84" count="30" type="stmt"/>
      <line num="85" count="2" type="stmt"/>
      <line num="86" count="2" type="stmt"/>
      <line num="87" count="2" type="stmt"/>
      <line num="89" count="30" type="stmt"/>
      <line num="90" count="2" type="stmt"/>
      <line num="91" count="2" type="stmt"/>
      <line num="92" count="2" type="stmt"/>
      <line num="94" count="30" type="stmt"/>
      <line num="95" count="4" type="stmt"/>
      <line num="96" count="4" type="stmt"/>
      <line num="101" count="2" type="stmt"/>
      <line num="102" count="30" type="stmt"/>
      <line num="106" count="40" type="stmt"/>
      <line num="109" count="2" type="stmt"/>
      <line num="110" count="32" type="stmt"/>
      <line num="114" count="17" type="stmt"/>
      <line num="115" count="17" type="stmt"/>
      <line num="116" count="17" type="stmt"/>
      <line num="117" count="17" type="stmt"/>
      <line num="120" count="2" type="stmt"/>
      <line num="121" count="6" type="stmt"/>
      <line num="125" count="10" type="stmt"/>
      <line num="126" count="10" type="cond" truecount="4" falsecount="0"/>
      <line num="128" count="2" type="stmt"/>
      <line num="129" count="2" type="stmt"/>
      <line num="131" count="2" type="stmt"/>
      <line num="132" count="2" type="stmt"/>
      <line num="134" count="2" type="stmt"/>
      <line num="135" count="2" type="stmt"/>
      <line num="137" count="2" type="stmt"/>
      <line num="138" count="2" type="stmt"/>
      <line num="140" count="10" type="stmt"/>
      <line num="141" count="10" type="stmt"/>
      <line num="144" count="2" type="stmt"/>
      <line num="145" count="6" type="stmt"/>
    </file>
  </project>
</coverage>
