{"C:\\unit_test\\calculadora_orig_con_test\\calculadora_orig\\funcionalidad.js": {"path":"C:\\unit_test\\calculadora_orig_con_test\\calculadora_orig\\funcionalidad.js","statementMap":{"0":{"start":{"line":6,"column":0},"end":{"line":18,"column":1}},"1":{"start":{"line":7,"column":4},"end":{"line":9,"column":5}},"2":{"start":{"line":8,"column":8},"end":{"line":8,"column":21}},"3":{"start":{"line":10,"column":4},"end":{"line":12,"column":5}},"4":{"start":{"line":11,"column":8},"end":{"line":11,"column":21}},"5":{"start":{"line":13,"column":4},"end":{"line":15,"column":5}},"6":{"start":{"line":14,"column":8},"end":{"line":14,"column":22}},"7":{"start":{"line":16,"column":17},"end":{"line":16,"column":48}},"8":{"start":{"line":17,"column":4},"end":{"line":17,"column":16}},"9":{"start":{"line":22,"column":18},"end":{"line":22,"column":54}},"10":{"start":{"line":23,"column":14},"end":{"line":23,"column":46}},"11":{"start":{"line":24,"column":13},"end":{"line":24,"column":44}},"12":{"start":{"line":25,"column":14},"end":{"line":25,"column":46}},"13":{"start":{"line":26,"column":23},"end":{"line":26,"column":64}},"14":{"start":{"line":27,"column":17},"end":{"line":27,"column":52}},"15":{"start":{"line":28,"column":14},"end":{"line":28,"column":46}},"16":{"start":{"line":29,"column":12},"end":{"line":29,"column":42}},"17":{"start":{"line":30,"column":12},"end":{"line":30,"column":42}},"18":{"start":{"line":31,"column":13},"end":{"line":31,"column":44}},"19":{"start":{"line":32,"column":15},"end":{"line":32,"column":48}},"20":{"start":{"line":33,"column":14},"end":{"line":33,"column":46}},"21":{"start":{"line":34,"column":13},"end":{"line":34,"column":44}},"22":{"start":{"line":35,"column":14},"end":{"line":35,"column":46}},"23":{"start":{"line":36,"column":13},"end":{"line":36,"column":44}},"24":{"start":{"line":37,"column":14},"end":{"line":37,"column":46}},"25":{"start":{"line":38,"column":13},"end":{"line":38,"column":44}},"26":{"start":{"line":41,"column":2},"end":{"line":43,"column":3}},"27":{"start":{"line":42,"column":6},"end":{"line":42,"column":59}},"28":{"start":{"line":44,"column":2},"end":{"line":46,"column":3}},"29":{"start":{"line":45,"column":6},"end":{"line":45,"column":59}},"30":{"start":{"line":47,"column":2},"end":{"line":49,"column":3}},"31":{"start":{"line":48,"column":6},"end":{"line":48,"column":59}},"32":{"start":{"line":50,"column":2},"end":{"line":52,"column":3}},"33":{"start":{"line":51,"column":6},"end":{"line":51,"column":59}},"34":{"start":{"line":53,"column":2},"end":{"line":55,"column":3}},"35":{"start":{"line":54,"column":6},"end":{"line":54,"column":59}},"36":{"start":{"line":56,"column":2},"end":{"line":58,"column":3}},"37":{"start":{"line":57,"column":6},"end":{"line":57,"column":59}},"38":{"start":{"line":59,"column":2},"end":{"line":61,"column":3}},"39":{"start":{"line":60,"column":6},"end":{"line":60,"column":59}},"40":{"start":{"line":62,"column":2},"end":{"line":64,"column":3}},"41":{"start":{"line":63,"column":6},"end":{"line":63,"column":59}},"42":{"start":{"line":65,"column":2},"end":{"line":67,"column":3}},"43":{"start":{"line":66,"column":6},"end":{"line":66,"column":59}},"44":{"start":{"line":68,"column":2},"end":{"line":70,"column":3}},"45":{"start":{"line":69,"column":6},"end":{"line":69,"column":59}},"46":{"start":{"line":71,"column":2},"end":{"line":73,"column":3}},"47":{"start":{"line":72,"column":6},"end":{"line":72,"column":17}},"48":{"start":{"line":74,"column":2},"end":{"line":78,"column":3}},"49":{"start":{"line":75,"column":6},"end":{"line":75,"column":40}},"50":{"start":{"line":76,"column":6},"end":{"line":76,"column":22}},"51":{"start":{"line":77,"column":6},"end":{"line":77,"column":16}},"52":{"start":{"line":79,"column":2},"end":{"line":83,"column":3}},"53":{"start":{"line":80,"column":6},"end":{"line":80,"column":40}},"54":{"start":{"line":81,"column":6},"end":{"line":81,"column":22}},"55":{"start":{"line":82,"column":6},"end":{"line":82,"column":16}},"56":{"start":{"line":84,"column":2},"end":{"line":88,"column":3}},"57":{"start":{"line":85,"column":6},"end":{"line":85,"column":40}},"58":{"start":{"line":86,"column":6},"end":{"line":86,"column":22}},"59":{"start":{"line":87,"column":6},"end":{"line":87,"column":16}},"60":{"start":{"line":89,"column":2},"end":{"line":93,"column":3}},"61":{"start":{"line":90,"column":6},"end":{"line":90,"column":40}},"62":{"start":{"line":91,"column":6},"end":{"line":91,"column":22}},"63":{"start":{"line":92,"column":6},"end":{"line":92,"column":16}},"64":{"start":{"line":94,"column":2},"end":{"line":97,"column":3}},"65":{"start":{"line":95,"column":6},"end":{"line":95,"column":40}},"66":{"start":{"line":96,"column":6},"end":{"line":96,"column":17}},"67":{"start":{"line":101,"column":0},"end":{"line":103,"column":1}},"68":{"start":{"line":102,"column":4},"end":{"line":102,"column":11}},"69":{"start":{"line":106,"column":2},"end":{"line":106,"column":29}},"70":{"start":{"line":109,"column":0},"end":{"line":111,"column":1}},"71":{"start":{"line":110,"column":4},"end":{"line":110,"column":14}},"72":{"start":{"line":114,"column":2},"end":{"line":114,"column":29}},"73":{"start":{"line":115,"column":2},"end":{"line":115,"column":16}},"74":{"start":{"line":116,"column":2},"end":{"line":116,"column":16}},"75":{"start":{"line":117,"column":2},"end":{"line":117,"column":17}},"76":{"start":{"line":120,"column":0},"end":{"line":122,"column":1}},"77":{"start":{"line":121,"column":4},"end":{"line":121,"column":15}},"78":{"start":{"line":125,"column":12},"end":{"line":125,"column":13}},"79":{"start":{"line":126,"column":2},"end":{"line":139,"column":3}},"80":{"start":{"line":128,"column":6},"end":{"line":128,"column":58}},"81":{"start":{"line":129,"column":6},"end":{"line":129,"column":12}},"82":{"start":{"line":131,"column":8},"end":{"line":131,"column":60}},"83":{"start":{"line":132,"column":8},"end":{"line":132,"column":14}},"84":{"start":{"line":134,"column":6},"end":{"line":134,"column":58}},"85":{"start":{"line":135,"column":6},"end":{"line":135,"column":12}},"86":{"start":{"line":137,"column":6},"end":{"line":137,"column":58}},"87":{"start":{"line":138,"column":6},"end":{"line":138,"column":12}},"88":{"start":{"line":140,"column":2},"end":{"line":140,"column":13}},"89":{"start":{"line":141,"column":2},"end":{"line":141,"column":30}},"90":{"start":{"line":144,"column":0},"end":{"line":146,"column":1}},"91":{"start":{"line":145,"column":4},"end":{"line":145,"column":15}}},"fnMap":{"0":{"name":"(anonymous_0)","decl":{"start":{"line":6,"column":17},"end":{"line":6,"column":18}},"loc":{"start":{"line":6,"column":30},"end":{"line":18,"column":1}},"line":6},"1":{"name":"init","decl":{"start":{"line":20,"column":9},"end":{"line":20,"column":13}},"loc":{"start":{"line":20,"column":15},"end":{"line":99,"column":1}},"line":20},"2":{"name":"(anonymous_2)","decl":{"start":{"line":41,"column":16},"end":{"line":41,"column":17}},"loc":{"start":{"line":41,"column":27},"end":{"line":43,"column":3}},"line":41},"3":{"name":"(anonymous_3)","decl":{"start":{"line":44,"column":16},"end":{"line":44,"column":17}},"loc":{"start":{"line":44,"column":27},"end":{"line":46,"column":3}},"line":44},"4":{"name":"(anonymous_4)","decl":{"start":{"line":47,"column":17},"end":{"line":47,"column":18}},"loc":{"start":{"line":47,"column":28},"end":{"line":49,"column":3}},"line":47},"5":{"name":"(anonymous_5)","decl":{"start":{"line":50,"column":19},"end":{"line":50,"column":20}},"loc":{"start":{"line":50,"column":30},"end":{"line":52,"column":3}},"line":50},"6":{"name":"(anonymous_6)","decl":{"start":{"line":53,"column":18},"end":{"line":53,"column":19}},"loc":{"start":{"line":53,"column":29},"end":{"line":55,"column":3}},"line":53},"7":{"name":"(anonymous_7)","decl":{"start":{"line":56,"column":17},"end":{"line":56,"column":18}},"loc":{"start":{"line":56,"column":28},"end":{"line":58,"column":3}},"line":56},"8":{"name":"(anonymous_8)","decl":{"start":{"line":59,"column":18},"end":{"line":59,"column":19}},"loc":{"start":{"line":59,"column":29},"end":{"line":61,"column":3}},"line":59},"9":{"name":"(anonymous_9)","decl":{"start":{"line":62,"column":17},"end":{"line":62,"column":18}},"loc":{"start":{"line":62,"column":28},"end":{"line":64,"column":3}},"line":62},"10":{"name":"(anonymous_10)","decl":{"start":{"line":65,"column":18},"end":{"line":65,"column":19}},"loc":{"start":{"line":65,"column":29},"end":{"line":67,"column":3}},"line":65},"11":{"name":"(anonymous_11)","decl":{"start":{"line":68,"column":17},"end":{"line":68,"column":18}},"loc":{"start":{"line":68,"column":28},"end":{"line":70,"column":3}},"line":68},"12":{"name":"(anonymous_12)","decl":{"start":{"line":71,"column":18},"end":{"line":71,"column":19}},"loc":{"start":{"line":71,"column":29},"end":{"line":73,"column":3}},"line":71},"13":{"name":"(anonymous_13)","decl":{"start":{"line":74,"column":17},"end":{"line":74,"column":18}},"loc":{"start":{"line":74,"column":28},"end":{"line":78,"column":3}},"line":74},"14":{"name":"(anonymous_14)","decl":{"start":{"line":79,"column":18},"end":{"line":79,"column":19}},"loc":{"start":{"line":79,"column":29},"end":{"line":83,"column":3}},"line":79},"15":{"name":"(anonymous_15)","decl":{"start":{"line":84,"column":27},"end":{"line":84,"column":28}},"loc":{"start":{"line":84,"column":38},"end":{"line":88,"column":3}},"line":84},"16":{"name":"(anonymous_16)","decl":{"start":{"line":89,"column":21},"end":{"line":89,"column":22}},"loc":{"start":{"line":89,"column":32},"end":{"line":93,"column":3}},"line":89},"17":{"name":"(anonymous_17)","decl":{"start":{"line":94,"column":18},"end":{"line":94,"column":19}},"loc":{"start":{"line":94,"column":29},"end":{"line":97,"column":3}},"line":94},"18":{"name":"(anonymous_18)","decl":{"start":{"line":101,"column":14},"end":{"line":101,"column":15}},"loc":{"start":{"line":101,"column":19},"end":{"line":103,"column":1}},"line":101},"19":{"name":"limpiar","decl":{"start":{"line":105,"column":9},"end":{"line":105,"column":16}},"loc":{"start":{"line":105,"column":18},"end":{"line":107,"column":1}},"line":105},"20":{"name":"(anonymous_20)","decl":{"start":{"line":109,"column":17},"end":{"line":109,"column":18}},"loc":{"start":{"line":109,"column":22},"end":{"line":111,"column":1}},"line":109},"21":{"name":"resetear","decl":{"start":{"line":113,"column":9},"end":{"line":113,"column":17}},"loc":{"start":{"line":113,"column":19},"end":{"line":118,"column":1}},"line":113},"22":{"name":"(anonymous_22)","decl":{"start":{"line":120,"column":18},"end":{"line":120,"column":19}},"loc":{"start":{"line":120,"column":23},"end":{"line":122,"column":1}},"line":120},"23":{"name":"resolver","decl":{"start":{"line":124,"column":9},"end":{"line":124,"column":17}},"loc":{"start":{"line":124,"column":19},"end":{"line":142,"column":1}},"line":124},"24":{"name":"(anonymous_24)","decl":{"start":{"line":144,"column":18},"end":{"line":144,"column":19}},"loc":{"start":{"line":144,"column":23},"end":{"line":146,"column":1}},"line":144}},"branchMap":{"0":{"loc":{"start":{"line":7,"column":4},"end":{"line":9,"column":5}},"type":"if","locations":[{"start":{"line":7,"column":4},"end":{"line":9,"column":5}},{"start":{"line":7,"column":4},"end":{"line":9,"column":5}}],"line":7},"1":{"loc":{"start":{"line":10,"column":4},"end":{"line":12,"column":5}},"type":"if","locations":[{"start":{"line":10,"column":4},"end":{"line":12,"column":5}},{"start":{"line":10,"column":4},"end":{"line":12,"column":5}}],"line":10},"2":{"loc":{"start":{"line":13,"column":4},"end":{"line":15,"column":5}},"type":"if","locations":[{"start":{"line":13,"column":4},"end":{"line":15,"column":5}},{"start":{"line":13,"column":4},"end":{"line":15,"column":5}}],"line":13},"3":{"loc":{"start":{"line":126,"column":2},"end":{"line":139,"column":3}},"type":"switch","locations":[{"start":{"line":127,"column":4},"end":{"line":129,"column":12}},{"start":{"line":130,"column":4},"end":{"line":132,"column":14}},{"start":{"line":133,"column":4},"end":{"line":135,"column":12}},{"start":{"line":136,"column":4},"end":{"line":138,"column":12}}],"line":126}},"s":{"0":2,"1":14,"2":5,"3":14,"4":5,"5":14,"6":5,"7":14,"8":14,"9":30,"10":30,"11":30,"12":30,"13":30,"14":30,"15":30,"16":30,"17":30,"18":30,"19":30,"20":30,"21":30,"22":30,"23":30,"24":30,"25":30,"26":30,"27":2,"28":30,"29":3,"30":30,"31":5,"32":30,"33":2,"34":30,"35":2,"36":30,"37":2,"38":30,"39":3,"40":30,"41":3,"42":30,"43":4,"44":30,"45":2,"46":30,"47":1,"48":30,"49":2,"50":2,"51":2,"52":30,"53":2,"54":2,"55":2,"56":30,"57":2,"58":2,"59":2,"60":30,"61":2,"62":2,"63":2,"64":30,"65":4,"66":4,"67":2,"68":30,"69":40,"70":2,"71":32,"72":17,"73":17,"74":17,"75":17,"76":2,"77":6,"78":10,"79":10,"80":2,"81":2,"82":2,"83":2,"84":2,"85":2,"86":2,"87":2,"88":10,"89":10,"90":2,"91":6},"f":{"0":14,"1":30,"2":2,"3":3,"4":5,"5":2,"6":2,"7":2,"8":3,"9":3,"10":4,"11":2,"12":1,"13":2,"14":2,"15":2,"16":2,"17":4,"18":30,"19":40,"20":32,"21":17,"22":6,"23":10,"24":6},"b":{"0":[5,9],"1":[5,9],"2":[5,9],"3":[2,2,2,2]},"_coverageSchema":"1a1c01bbd47fc00a2c39e90264f33305004495a9","hash":"e466c3a3875ac7716d3ec6b5cb56c17d02df262e"}
}
