TN:
SF:funcionalidad.js
FN:6,(anonymous_0)
FN:20,init
FN:41,(anonymous_2)
FN:44,(anonymous_3)
FN:47,(anonymous_4)
FN:50,(anonymous_5)
FN:53,(anonymous_6)
FN:56,(anonymous_7)
FN:59,(anonymous_8)
FN:62,(anonymous_9)
FN:65,(anonymous_10)
FN:68,(anonymous_11)
FN:71,(anonymous_12)
FN:74,(anonymous_13)
FN:79,(anonymous_14)
FN:84,(anonymous_15)
FN:89,(anonymous_16)
FN:94,(anonymous_17)
FN:101,(anonymous_18)
FN:105,limpiar
FN:109,(anonymous_20)
FN:113,resetear
FN:120,(anonymous_22)
FN:124,resolver
FN:144,(anonymous_24)
FNF:25
FNH:25
FNDA:14,(anonymous_0)
FNDA:30,init
FNDA:2,(anonymous_2)
FNDA:3,(anonymous_3)
FNDA:5,(anonymous_4)
FNDA:2,(anonymous_5)
FNDA:2,(anonymous_6)
FNDA:2,(anonymous_7)
FNDA:3,(anonymous_8)
FNDA:3,(anonymous_9)
FNDA:4,(anonymous_10)
FNDA:2,(anonymous_11)
FNDA:1,(anonymous_12)
FNDA:2,(anonymous_13)
FNDA:2,(anonymous_14)
FNDA:2,(anonymous_15)
FNDA:2,(anonymous_16)
FNDA:4,(anonymous_17)
FNDA:30,(anonymous_18)
FNDA:40,limpiar
FNDA:32,(anonymous_20)
FNDA:17,resetear
FNDA:6,(anonymous_22)
FNDA:10,resolver
FNDA:6,(anonymous_24)
DA:6,2
DA:7,14
DA:8,5
DA:10,14
DA:11,5
DA:13,14
DA:14,5
DA:16,14
DA:17,14
DA:22,30
DA:23,30
DA:24,30
DA:25,30
DA:26,30
DA:27,30
DA:28,30
DA:29,30
DA:30,30
DA:31,30
DA:32,30
DA:33,30
DA:34,30
DA:35,30
DA:36,30
DA:37,30
DA:38,30
DA:41,30
DA:42,2
DA:44,30
DA:45,3
DA:47,30
DA:48,5
DA:50,30
DA:51,2
DA:53,30
DA:54,2
DA:56,30
DA:57,2
DA:59,30
DA:60,3
DA:62,30
DA:63,3
DA:65,30
DA:66,4
DA:68,30
DA:69,2
DA:71,30
DA:72,1
DA:74,30
DA:75,2
DA:76,2
DA:77,2
DA:79,30
DA:80,2
DA:81,2
DA:82,2
DA:84,30
DA:85,2
DA:86,2
DA:87,2
DA:89,30
DA:90,2
DA:91,2
DA:92,2
DA:94,30
DA:95,4
DA:96,4
DA:101,2
DA:102,30
DA:106,40
DA:109,2
DA:110,32
DA:114,17
DA:115,17
DA:116,17
DA:117,17
DA:120,2
DA:121,6
DA:125,10
DA:126,10
DA:128,2
DA:129,2
DA:131,2
DA:132,2
DA:134,2
DA:135,2
DA:137,2
DA:138,2
DA:140,10
DA:141,10
DA:144,2
DA:145,6
LF:92
LH:92
BRDA:7,0,0,5
BRDA:7,0,1,9
BRDA:10,1,0,5
BRDA:10,1,1,9
BRDA:13,2,0,5
BRDA:13,2,1,9
BRDA:126,3,0,2
BRDA:126,3,1,2
BRDA:126,3,2,2
BRDA:126,3,3,2
BRF:10
BRH:10
end_of_record
